13:20:29,019 DEBUG main InternalLoggerFactory:newDefaultFactory:47 - Using Log4J as the default logging framework
13:20:29,024 DEBUG main ResourceLeakDetector:<clinit>:129 - -Dio.netty.leakDetection.level: simple
13:20:29,026 DEBUG main ResourceLeakDetector:<clinit>:130 - -Dio.netty.leakDetection.targetRecords: 4
13:20:29,061 DEBUG main InternalThreadLocalMap:<clinit>:54 - -Dio.netty.threadLocalMap.stringBuilder.initialSize: 1024
13:20:29,061 DEBUG main InternalThreadLocalMap:<clinit>:57 - -Dio.netty.threadLocalMap.stringBuilder.maxSize: 4096
13:20:29,069 DEBUG main MultithreadEventLoopGroup:<clinit>:44 - -Dio.netty.eventLoopThreads: 16
13:20:29,124 DEBUG main NioEventLoop:<clinit>:106 - -Dio.netty.noKeySetOptimization: false
13:20:29,124 DEBUG main NioEventLoop:<clinit>:107 - -Dio.netty.selectorAutoRebuildThreshold: 512
13:20:29,139 DEBUG main PlatformDependent:isWindows0:985 - Platform: Windows
13:20:29,141 DEBUG main PlatformDependent0:explicitNoUnsafeCause0:395 - -Dio.netty.noUnsafe: false
13:20:29,141 DEBUG main PlatformDependent0:javaVersion0:851 - Java version: 13
13:20:29,143 DEBUG main PlatformDependent0:<clinit>:120 - sun.misc.Unsafe.theUnsafe: available
13:20:29,144 DEBUG main PlatformDependent0:<clinit>:144 - sun.misc.Unsafe.copyMemory: available
13:20:29,144 DEBUG main PlatformDependent0:<clinit>:182 - java.nio.Buffer.address: available
13:20:29,145 DEBUG main PlatformDependent0:<clinit>:252 - direct buffer constructor: unavailable
java.lang.UnsupportedOperationException: Reflective setAccessible(true) disabled
	at io.netty.util.internal.ReflectionUtil.trySetAccessible(ReflectionUtil.java:31)
	at io.netty.util.internal.PlatformDependent0$4.run(PlatformDependent0.java:224)
	at java.base/java.security.AccessController.doPrivileged(AccessController.java:312)
	at io.netty.util.internal.PlatformDependent0.<clinit>(PlatformDependent0.java:218)
	at io.netty.util.internal.PlatformDependent.isAndroid(PlatformDependent.java:272)
	at io.netty.util.internal.PlatformDependent.<clinit>(PlatformDependent.java:92)
	at io.netty.channel.nio.NioEventLoop.newTaskQueue0(NioEventLoop.java:285)
	at io.netty.channel.nio.NioEventLoop.newTaskQueue(NioEventLoop.java:156)
	at io.netty.channel.nio.NioEventLoop.<init>(NioEventLoop.java:138)
	at io.netty.channel.nio.NioEventLoopGroup.newChild(NioEventLoopGroup.java:138)
	at io.netty.channel.nio.NioEventLoopGroup.newChild(NioEventLoopGroup.java:37)
	at io.netty.util.concurrent.MultithreadEventExecutorGroup.<init>(MultithreadEventExecutorGroup.java:84)
	at io.netty.util.concurrent.MultithreadEventExecutorGroup.<init>(MultithreadEventExecutorGroup.java:58)
	at io.netty.util.concurrent.MultithreadEventExecutorGroup.<init>(MultithreadEventExecutorGroup.java:47)
	at io.netty.channel.MultithreadEventLoopGroup.<init>(MultithreadEventLoopGroup.java:59)
	at io.netty.channel.nio.NioEventLoopGroup.<init>(NioEventLoopGroup.java:78)
	at io.netty.channel.nio.NioEventLoopGroup.<init>(NioEventLoopGroup.java:73)
	at io.netty.channel.nio.NioEventLoopGroup.<init>(NioEventLoopGroup.java:60)
	at io.vertx.core.net.impl.transport.Transport.eventLoopGroup(Transport.java:153)
	at io.vertx.core.impl.VertxImpl.<init>(VertxImpl.java:143)
	at io.vertx.core.impl.VertxImpl.vertx(VertxImpl.java:92)
	at io.vertx.core.impl.VertxFactoryImpl.vertx(VertxFactoryImpl.java:40)
	at io.vertx.core.impl.VertxFactoryImpl.vertx(VertxFactoryImpl.java:32)
	at io.vertx.core.Vertx.vertx(Vertx.java:85)
	at io.vertx.core.Starter.startVertx(Starter.java:248)
	at io.vertx.core.Starter.runVerticle(Starter.java:271)
	at io.vertx.core.Starter.run(Starter.java:138)
	at io.vertx.core.Starter.main(Starter.java:96)
13:20:29,148 DEBUG main PlatformDependent0:<clinit>:313 - java.nio.Bits.unaligned: available, true
13:20:29,150 DEBUG main PlatformDependent0:<clinit>:372 - jdk.internal.misc.Unsafe.allocateUninitializedArray(int): unavailable
java.lang.IllegalAccessException: class io.netty.util.internal.PlatformDependent0$6 cannot access class jdk.internal.misc.Unsafe (in module java.base) because module java.base does not export jdk.internal.misc to unnamed module @587c290d
	at java.base/jdk.internal.reflect.Reflection.newIllegalAccessException(Reflection.java:376)
	at java.base/java.lang.reflect.AccessibleObject.checkAccess(AccessibleObject.java:642)
	at java.base/java.lang.reflect.Method.invoke(Method.java:559)
	at io.netty.util.internal.PlatformDependent0$6.run(PlatformDependent0.java:334)
	at java.base/java.security.AccessController.doPrivileged(AccessController.java:312)
	at io.netty.util.internal.PlatformDependent0.<clinit>(PlatformDependent0.java:325)
	at io.netty.util.internal.PlatformDependent.isAndroid(PlatformDependent.java:272)
	at io.netty.util.internal.PlatformDependent.<clinit>(PlatformDependent.java:92)
	at io.netty.channel.nio.NioEventLoop.newTaskQueue0(NioEventLoop.java:285)
	at io.netty.channel.nio.NioEventLoop.newTaskQueue(NioEventLoop.java:156)
	at io.netty.channel.nio.NioEventLoop.<init>(NioEventLoop.java:138)
	at io.netty.channel.nio.NioEventLoopGroup.newChild(NioEventLoopGroup.java:138)
	at io.netty.channel.nio.NioEventLoopGroup.newChild(NioEventLoopGroup.java:37)
	at io.netty.util.concurrent.MultithreadEventExecutorGroup.<init>(MultithreadEventExecutorGroup.java:84)
	at io.netty.util.concurrent.MultithreadEventExecutorGroup.<init>(MultithreadEventExecutorGroup.java:58)
	at io.netty.util.concurrent.MultithreadEventExecutorGroup.<init>(MultithreadEventExecutorGroup.java:47)
	at io.netty.channel.MultithreadEventLoopGroup.<init>(MultithreadEventLoopGroup.java:59)
	at io.netty.channel.nio.NioEventLoopGroup.<init>(NioEventLoopGroup.java:78)
	at io.netty.channel.nio.NioEventLoopGroup.<init>(NioEventLoopGroup.java:73)
	at io.netty.channel.nio.NioEventLoopGroup.<init>(NioEventLoopGroup.java:60)
	at io.vertx.core.net.impl.transport.Transport.eventLoopGroup(Transport.java:153)
	at io.vertx.core.impl.VertxImpl.<init>(VertxImpl.java:143)
	at io.vertx.core.impl.VertxImpl.vertx(VertxImpl.java:92)
	at io.vertx.core.impl.VertxFactoryImpl.vertx(VertxFactoryImpl.java:40)
	at io.vertx.core.impl.VertxFactoryImpl.vertx(VertxFactoryImpl.java:32)
	at io.vertx.core.Vertx.vertx(Vertx.java:85)
	at io.vertx.core.Starter.startVertx(Starter.java:248)
	at io.vertx.core.Starter.runVerticle(Starter.java:271)
	at io.vertx.core.Starter.run(Starter.java:138)
	at io.vertx.core.Starter.main(Starter.java:96)
13:20:29,150 DEBUG main PlatformDependent0:<clinit>:385 - java.nio.DirectByteBuffer.<init>(long, int): unavailable
13:20:29,150 DEBUG main PlatformDependent:unsafeUnavailabilityCause0:1028 - sun.misc.Unsafe: available
13:20:29,274 DEBUG main PlatformDependent:maxDirectMemory0:1128 - maxDirectMemory: 536870912 bytes (maybe)
13:20:29,275 DEBUG main PlatformDependent:tmpdir0:1147 - -Dio.netty.tmpdir: C:\Users\alall\AppData\Local\Temp (java.io.tmpdir)
13:20:29,275 DEBUG main PlatformDependent:bitMode0:1226 - -Dio.netty.bitMode: 64 (sun.arch.data.model)
13:20:29,276 DEBUG main PlatformDependent:<clinit>:173 - -Dio.netty.maxDirectMemory: -1 bytes
13:20:29,276 DEBUG main PlatformDependent:<clinit>:180 - -Dio.netty.uninitializedArrayAllocationThreshold: -1
13:20:29,277 DEBUG main CleanerJava9:<clinit>:71 - java.nio.ByteBuffer.cleaner(): available
13:20:29,277 DEBUG main PlatformDependent:<clinit>:200 - -Dio.netty.noPreferDirect: false
13:20:29,284 DEBUG main PlatformDependent:<clinit>:890 - org.jctools-core.MpscChunkedArrayQueue: available
13:20:29,760 DEBUG main DefaultDnsServerAddressStreamProvider:<clinit>:82 - Default DNS servers: [/80.58.61.254:53, /80.58.61.250:53] (sun.net.dns.ResolverConfiguration)
13:20:29,771 DEBUG main NetUtil:<clinit>:139 - -Djava.net.preferIPv4Stack: false
13:20:29,771 DEBUG main NetUtil:<clinit>:140 - -Djava.net.preferIPv6Addresses: false
13:20:29,949 DEBUG main NetUtil:<clinit>:224 - Loopback interface: lo (Software Loopback Interface 1, 127.0.0.1)
13:20:29,951 DEBUG main NetUtil:run:289 - Failed to get SOMAXCONN from sysctl and file \proc\sys\net\core\somaxconn. Default: 200
13:20:30,022 DEBUG vert.x-eventloop-thread-0 PooledByteBufAllocator:<clinit>:142 - -Dio.netty.allocator.numHeapArenas: 5
13:20:30,023 DEBUG vert.x-eventloop-thread-0 PooledByteBufAllocator:<clinit>:143 - -Dio.netty.allocator.numDirectArenas: 5
13:20:30,023 DEBUG vert.x-eventloop-thread-0 PooledByteBufAllocator:<clinit>:145 - -Dio.netty.allocator.pageSize: 8192
13:20:30,023 DEBUG vert.x-eventloop-thread-0 PooledByteBufAllocator:<clinit>:150 - -Dio.netty.allocator.maxOrder: 11
13:20:30,023 DEBUG vert.x-eventloop-thread-0 PooledByteBufAllocator:<clinit>:154 - -Dio.netty.allocator.chunkSize: 16777216
13:20:30,024 DEBUG vert.x-eventloop-thread-0 PooledByteBufAllocator:<clinit>:155 - -Dio.netty.allocator.tinyCacheSize: 512
13:20:30,024 DEBUG vert.x-eventloop-thread-0 PooledByteBufAllocator:<clinit>:156 - -Dio.netty.allocator.smallCacheSize: 256
13:20:30,024 DEBUG vert.x-eventloop-thread-0 PooledByteBufAllocator:<clinit>:157 - -Dio.netty.allocator.normalCacheSize: 64
13:20:30,024 DEBUG vert.x-eventloop-thread-0 PooledByteBufAllocator:<clinit>:158 - -Dio.netty.allocator.maxCachedBufferCapacity: 32768
13:20:30,024 DEBUG vert.x-eventloop-thread-0 PooledByteBufAllocator:<clinit>:159 - -Dio.netty.allocator.cacheTrimInterval: 8192
13:20:30,024 DEBUG vert.x-eventloop-thread-0 PooledByteBufAllocator:<clinit>:160 - -Dio.netty.allocator.cacheTrimIntervalMillis: 0
13:20:30,024 DEBUG vert.x-eventloop-thread-0 PooledByteBufAllocator:<clinit>:161 - -Dio.netty.allocator.useCacheForAllThreads: true
13:20:30,024 DEBUG vert.x-eventloop-thread-0 PooledByteBufAllocator:<clinit>:162 - -Dio.netty.allocator.maxCachedByteBuffersPerChunk: 1023
13:20:30,273 DEBUG vert.x-eventloop-thread-0 DefaultChannelId:<clinit>:79 - -Dio.netty.processId: 3780 (auto-detected)
13:20:30,473 DEBUG vert.x-eventloop-thread-0 DefaultChannelId:<clinit>:101 - -Dio.netty.machineId: 00:00:00:00:00:00:00:e0 (auto-detected)
13:20:30,495 DEBUG vert.x-eventloop-thread-0 ByteBufUtil:<clinit>:85 - -Dio.netty.allocator.type: pooled
13:20:30,495 DEBUG vert.x-eventloop-thread-0 ByteBufUtil:<clinit>:94 - -Dio.netty.threadLocalDirectBufferSize: 0
13:20:30,496 DEBUG vert.x-eventloop-thread-0 ByteBufUtil:<clinit>:97 - -Dio.netty.maxThreadLocalCharBufferSize: 16384
13:20:33,839 DEBUG vert.x-eventloop-thread-1 Recycler:<clinit>:96 - -Dio.netty.recycler.maxCapacityPerThread: 4096
13:20:33,839 DEBUG vert.x-eventloop-thread-1 Recycler:<clinit>:97 - -Dio.netty.recycler.maxSharedCapacityFactor: 2
13:20:33,839 DEBUG vert.x-eventloop-thread-1 Recycler:<clinit>:98 - -Dio.netty.recycler.linkCapacity: 16
13:20:33,839 DEBUG vert.x-eventloop-thread-1 Recycler:<clinit>:99 - -Dio.netty.recycler.ratio: 8
13:20:33,845 DEBUG vert.x-eventloop-thread-1 AbstractByteBuf:<clinit>:62 - -Dio.netty.buffer.checkAccessible: true
13:20:33,845 DEBUG vert.x-eventloop-thread-1 AbstractByteBuf:<clinit>:63 - -Dio.netty.buffer.checkBounds: true
13:20:33,846 DEBUG vert.x-eventloop-thread-1 ResourceLeakDetectorFactory:newResourceLeakDetector:195 - Loaded default ResourceLeakDetector: io.netty.util.ResourceLeakDetector@7c35ce1c
13:20:33,913 DEBUG vert.x-eventloop-thread-1 ZlibCodecFactory:<clinit>:39 - -Dio.netty.noJdkZlibDecoder: false
13:20:33,913 DEBUG vert.x-eventloop-thread-1 ZlibCodecFactory:<clinit>:42 - -Dio.netty.noJdkZlibEncoder: false
13:24:07,610 DEBUG main InternalLoggerFactory:newDefaultFactory:47 - Using Log4J as the default logging framework
13:24:07,614 DEBUG main ResourceLeakDetector:<clinit>:129 - -Dio.netty.leakDetection.level: simple
13:24:07,616 DEBUG main ResourceLeakDetector:<clinit>:130 - -Dio.netty.leakDetection.targetRecords: 4
13:24:07,626 DEBUG main InternalThreadLocalMap:<clinit>:54 - -Dio.netty.threadLocalMap.stringBuilder.initialSize: 1024
13:24:07,627 DEBUG main InternalThreadLocalMap:<clinit>:57 - -Dio.netty.threadLocalMap.stringBuilder.maxSize: 4096
13:24:07,632 DEBUG main MultithreadEventLoopGroup:<clinit>:44 - -Dio.netty.eventLoopThreads: 16
13:24:07,650 DEBUG main NioEventLoop:<clinit>:106 - -Dio.netty.noKeySetOptimization: false
13:24:07,650 DEBUG main NioEventLoop:<clinit>:107 - -Dio.netty.selectorAutoRebuildThreshold: 512
13:24:07,668 DEBUG main PlatformDependent:isWindows0:985 - Platform: Windows
13:24:07,669 DEBUG main PlatformDependent0:explicitNoUnsafeCause0:395 - -Dio.netty.noUnsafe: false
13:24:07,669 DEBUG main PlatformDependent0:javaVersion0:851 - Java version: 13
13:24:07,671 DEBUG main PlatformDependent0:<clinit>:120 - sun.misc.Unsafe.theUnsafe: available
13:24:07,671 DEBUG main PlatformDependent0:<clinit>:144 - sun.misc.Unsafe.copyMemory: available
13:24:07,672 DEBUG main PlatformDependent0:<clinit>:182 - java.nio.Buffer.address: available
13:24:07,672 DEBUG main PlatformDependent0:<clinit>:252 - direct buffer constructor: unavailable
java.lang.UnsupportedOperationException: Reflective setAccessible(true) disabled
	at io.netty.util.internal.ReflectionUtil.trySetAccessible(ReflectionUtil.java:31)
	at io.netty.util.internal.PlatformDependent0$4.run(PlatformDependent0.java:224)
	at java.base/java.security.AccessController.doPrivileged(AccessController.java:312)
	at io.netty.util.internal.PlatformDependent0.<clinit>(PlatformDependent0.java:218)
	at io.netty.util.internal.PlatformDependent.isAndroid(PlatformDependent.java:272)
	at io.netty.util.internal.PlatformDependent.<clinit>(PlatformDependent.java:92)
	at io.netty.channel.nio.NioEventLoop.newTaskQueue0(NioEventLoop.java:285)
	at io.netty.channel.nio.NioEventLoop.newTaskQueue(NioEventLoop.java:156)
	at io.netty.channel.nio.NioEventLoop.<init>(NioEventLoop.java:138)
	at io.netty.channel.nio.NioEventLoopGroup.newChild(NioEventLoopGroup.java:138)
	at io.netty.channel.nio.NioEventLoopGroup.newChild(NioEventLoopGroup.java:37)
	at io.netty.util.concurrent.MultithreadEventExecutorGroup.<init>(MultithreadEventExecutorGroup.java:84)
	at io.netty.util.concurrent.MultithreadEventExecutorGroup.<init>(MultithreadEventExecutorGroup.java:58)
	at io.netty.util.concurrent.MultithreadEventExecutorGroup.<init>(MultithreadEventExecutorGroup.java:47)
	at io.netty.channel.MultithreadEventLoopGroup.<init>(MultithreadEventLoopGroup.java:59)
	at io.netty.channel.nio.NioEventLoopGroup.<init>(NioEventLoopGroup.java:78)
	at io.netty.channel.nio.NioEventLoopGroup.<init>(NioEventLoopGroup.java:73)
	at io.netty.channel.nio.NioEventLoopGroup.<init>(NioEventLoopGroup.java:60)
	at io.vertx.core.net.impl.transport.Transport.eventLoopGroup(Transport.java:153)
	at io.vertx.core.impl.VertxImpl.<init>(VertxImpl.java:143)
	at io.vertx.core.impl.VertxImpl.vertx(VertxImpl.java:92)
	at io.vertx.core.impl.VertxFactoryImpl.vertx(VertxFactoryImpl.java:40)
	at io.vertx.core.impl.VertxFactoryImpl.vertx(VertxFactoryImpl.java:32)
	at io.vertx.core.Vertx.vertx(Vertx.java:85)
	at io.vertx.core.Starter.startVertx(Starter.java:248)
	at io.vertx.core.Starter.runVerticle(Starter.java:271)
	at io.vertx.core.Starter.run(Starter.java:138)
	at io.vertx.core.Starter.main(Starter.java:96)
13:24:07,675 DEBUG main PlatformDependent0:<clinit>:313 - java.nio.Bits.unaligned: available, true
13:24:07,677 DEBUG main PlatformDependent0:<clinit>:372 - jdk.internal.misc.Unsafe.allocateUninitializedArray(int): unavailable
java.lang.IllegalAccessException: class io.netty.util.internal.PlatformDependent0$6 cannot access class jdk.internal.misc.Unsafe (in module java.base) because module java.base does not export jdk.internal.misc to unnamed module @587c290d
	at java.base/jdk.internal.reflect.Reflection.newIllegalAccessException(Reflection.java:376)
	at java.base/java.lang.reflect.AccessibleObject.checkAccess(AccessibleObject.java:642)
	at java.base/java.lang.reflect.Method.invoke(Method.java:559)
	at io.netty.util.internal.PlatformDependent0$6.run(PlatformDependent0.java:334)
	at java.base/java.security.AccessController.doPrivileged(AccessController.java:312)
	at io.netty.util.internal.PlatformDependent0.<clinit>(PlatformDependent0.java:325)
	at io.netty.util.internal.PlatformDependent.isAndroid(PlatformDependent.java:272)
	at io.netty.util.internal.PlatformDependent.<clinit>(PlatformDependent.java:92)
	at io.netty.channel.nio.NioEventLoop.newTaskQueue0(NioEventLoop.java:285)
	at io.netty.channel.nio.NioEventLoop.newTaskQueue(NioEventLoop.java:156)
	at io.netty.channel.nio.NioEventLoop.<init>(NioEventLoop.java:138)
	at io.netty.channel.nio.NioEventLoopGroup.newChild(NioEventLoopGroup.java:138)
	at io.netty.channel.nio.NioEventLoopGroup.newChild(NioEventLoopGroup.java:37)
	at io.netty.util.concurrent.MultithreadEventExecutorGroup.<init>(MultithreadEventExecutorGroup.java:84)
	at io.netty.util.concurrent.MultithreadEventExecutorGroup.<init>(MultithreadEventExecutorGroup.java:58)
	at io.netty.util.concurrent.MultithreadEventExecutorGroup.<init>(MultithreadEventExecutorGroup.java:47)
	at io.netty.channel.MultithreadEventLoopGroup.<init>(MultithreadEventLoopGroup.java:59)
	at io.netty.channel.nio.NioEventLoopGroup.<init>(NioEventLoopGroup.java:78)
	at io.netty.channel.nio.NioEventLoopGroup.<init>(NioEventLoopGroup.java:73)
	at io.netty.channel.nio.NioEventLoopGroup.<init>(NioEventLoopGroup.java:60)
	at io.vertx.core.net.impl.transport.Transport.eventLoopGroup(Transport.java:153)
	at io.vertx.core.impl.VertxImpl.<init>(VertxImpl.java:143)
	at io.vertx.core.impl.VertxImpl.vertx(VertxImpl.java:92)
	at io.vertx.core.impl.VertxFactoryImpl.vertx(VertxFactoryImpl.java:40)
	at io.vertx.core.impl.VertxFactoryImpl.vertx(VertxFactoryImpl.java:32)
	at io.vertx.core.Vertx.vertx(Vertx.java:85)
	at io.vertx.core.Starter.startVertx(Starter.java:248)
	at io.vertx.core.Starter.runVerticle(Starter.java:271)
	at io.vertx.core.Starter.run(Starter.java:138)
	at io.vertx.core.Starter.main(Starter.java:96)
13:24:07,677 DEBUG main PlatformDependent0:<clinit>:385 - java.nio.DirectByteBuffer.<init>(long, int): unavailable
13:24:07,677 DEBUG main PlatformDependent:unsafeUnavailabilityCause0:1028 - sun.misc.Unsafe: available
13:24:07,689 DEBUG main PlatformDependent:maxDirectMemory0:1128 - maxDirectMemory: 536870912 bytes (maybe)
13:24:07,689 DEBUG main PlatformDependent:tmpdir0:1147 - -Dio.netty.tmpdir: C:\Users\alall\AppData\Local\Temp (java.io.tmpdir)
13:24:07,689 DEBUG main PlatformDependent:bitMode0:1226 - -Dio.netty.bitMode: 64 (sun.arch.data.model)
13:24:07,690 DEBUG main PlatformDependent:<clinit>:173 - -Dio.netty.maxDirectMemory: -1 bytes
13:24:07,690 DEBUG main PlatformDependent:<clinit>:180 - -Dio.netty.uninitializedArrayAllocationThreshold: -1
13:24:07,691 DEBUG main CleanerJava9:<clinit>:71 - java.nio.ByteBuffer.cleaner(): available
13:24:07,691 DEBUG main PlatformDependent:<clinit>:200 - -Dio.netty.noPreferDirect: false
13:24:07,696 DEBUG main PlatformDependent:<clinit>:890 - org.jctools-core.MpscChunkedArrayQueue: available
13:24:08,128 DEBUG main DefaultDnsServerAddressStreamProvider:<clinit>:82 - Default DNS servers: [/80.58.61.254:53, /80.58.61.250:53] (sun.net.dns.ResolverConfiguration)
13:24:08,133 DEBUG main NetUtil:<clinit>:139 - -Djava.net.preferIPv4Stack: false
13:24:08,133 DEBUG main NetUtil:<clinit>:140 - -Djava.net.preferIPv6Addresses: false
13:24:08,311 DEBUG main NetUtil:<clinit>:224 - Loopback interface: lo (Software Loopback Interface 1, 127.0.0.1)
13:24:08,312 DEBUG main NetUtil:run:289 - Failed to get SOMAXCONN from sysctl and file \proc\sys\net\core\somaxconn. Default: 200
13:24:08,369 DEBUG vert.x-eventloop-thread-0 PooledByteBufAllocator:<clinit>:142 - -Dio.netty.allocator.numHeapArenas: 5
13:24:08,371 DEBUG vert.x-eventloop-thread-0 PooledByteBufAllocator:<clinit>:143 - -Dio.netty.allocator.numDirectArenas: 5
13:24:08,371 DEBUG vert.x-eventloop-thread-0 PooledByteBufAllocator:<clinit>:145 - -Dio.netty.allocator.pageSize: 8192
13:24:08,371 DEBUG vert.x-eventloop-thread-0 PooledByteBufAllocator:<clinit>:150 - -Dio.netty.allocator.maxOrder: 11
13:24:08,371 DEBUG vert.x-eventloop-thread-0 PooledByteBufAllocator:<clinit>:154 - -Dio.netty.allocator.chunkSize: 16777216
13:24:08,371 DEBUG vert.x-eventloop-thread-0 PooledByteBufAllocator:<clinit>:155 - -Dio.netty.allocator.tinyCacheSize: 512
13:24:08,371 DEBUG vert.x-eventloop-thread-0 PooledByteBufAllocator:<clinit>:156 - -Dio.netty.allocator.smallCacheSize: 256
13:24:08,371 DEBUG vert.x-eventloop-thread-0 PooledByteBufAllocator:<clinit>:157 - -Dio.netty.allocator.normalCacheSize: 64
13:24:08,371 DEBUG vert.x-eventloop-thread-0 PooledByteBufAllocator:<clinit>:158 - -Dio.netty.allocator.maxCachedBufferCapacity: 32768
13:24:08,371 DEBUG vert.x-eventloop-thread-0 PooledByteBufAllocator:<clinit>:159 - -Dio.netty.allocator.cacheTrimInterval: 8192
13:24:08,371 DEBUG vert.x-eventloop-thread-0 PooledByteBufAllocator:<clinit>:160 - -Dio.netty.allocator.cacheTrimIntervalMillis: 0
13:24:08,372 DEBUG vert.x-eventloop-thread-0 PooledByteBufAllocator:<clinit>:161 - -Dio.netty.allocator.useCacheForAllThreads: true
13:24:08,372 DEBUG vert.x-eventloop-thread-0 PooledByteBufAllocator:<clinit>:162 - -Dio.netty.allocator.maxCachedByteBuffersPerChunk: 1023
13:24:08,603 DEBUG vert.x-eventloop-thread-0 DefaultChannelId:<clinit>:79 - -Dio.netty.processId: 21388 (auto-detected)
13:24:08,802 DEBUG vert.x-eventloop-thread-0 DefaultChannelId:<clinit>:101 - -Dio.netty.machineId: 00:00:00:00:00:00:00:e0 (auto-detected)
13:24:08,816 DEBUG vert.x-eventloop-thread-0 ByteBufUtil:<clinit>:85 - -Dio.netty.allocator.type: pooled
13:24:08,816 DEBUG vert.x-eventloop-thread-0 ByteBufUtil:<clinit>:94 - -Dio.netty.threadLocalDirectBufferSize: 0
13:24:08,816 DEBUG vert.x-eventloop-thread-0 ByteBufUtil:<clinit>:97 - -Dio.netty.maxThreadLocalCharBufferSize: 16384
13:24:14,025 DEBUG vert.x-eventloop-thread-1 Recycler:<clinit>:96 - -Dio.netty.recycler.maxCapacityPerThread: 4096
13:24:14,025 DEBUG vert.x-eventloop-thread-1 Recycler:<clinit>:97 - -Dio.netty.recycler.maxSharedCapacityFactor: 2
13:24:14,026 DEBUG vert.x-eventloop-thread-1 Recycler:<clinit>:98 - -Dio.netty.recycler.linkCapacity: 16
13:24:14,026 DEBUG vert.x-eventloop-thread-1 Recycler:<clinit>:99 - -Dio.netty.recycler.ratio: 8
13:24:14,032 DEBUG vert.x-eventloop-thread-1 AbstractByteBuf:<clinit>:62 - -Dio.netty.buffer.checkAccessible: true
13:24:14,033 DEBUG vert.x-eventloop-thread-1 AbstractByteBuf:<clinit>:63 - -Dio.netty.buffer.checkBounds: true
13:24:14,033 DEBUG vert.x-eventloop-thread-1 ResourceLeakDetectorFactory:newResourceLeakDetector:195 - Loaded default ResourceLeakDetector: io.netty.util.ResourceLeakDetector@7c45830b
13:24:14,090 DEBUG vert.x-eventloop-thread-1 ZlibCodecFactory:<clinit>:39 - -Dio.netty.noJdkZlibDecoder: false
13:24:14,090 DEBUG vert.x-eventloop-thread-1 ZlibCodecFactory:<clinit>:42 - -Dio.netty.noJdkZlibEncoder: false
13:24:41,653 DEBUG main InternalLoggerFactory:newDefaultFactory:47 - Using Log4J as the default logging framework
13:24:41,656 DEBUG main ResourceLeakDetector:<clinit>:129 - -Dio.netty.leakDetection.level: simple
13:24:41,658 DEBUG main ResourceLeakDetector:<clinit>:130 - -Dio.netty.leakDetection.targetRecords: 4
13:24:41,670 DEBUG main InternalThreadLocalMap:<clinit>:54 - -Dio.netty.threadLocalMap.stringBuilder.initialSize: 1024
13:24:41,671 DEBUG main InternalThreadLocalMap:<clinit>:57 - -Dio.netty.threadLocalMap.stringBuilder.maxSize: 4096
13:24:41,679 DEBUG main MultithreadEventLoopGroup:<clinit>:44 - -Dio.netty.eventLoopThreads: 16
13:24:41,700 DEBUG main NioEventLoop:<clinit>:106 - -Dio.netty.noKeySetOptimization: false
13:24:41,700 DEBUG main NioEventLoop:<clinit>:107 - -Dio.netty.selectorAutoRebuildThreshold: 512
13:24:41,717 DEBUG main PlatformDependent:isWindows0:985 - Platform: Windows
13:24:41,719 DEBUG main PlatformDependent0:explicitNoUnsafeCause0:395 - -Dio.netty.noUnsafe: false
13:24:41,719 DEBUG main PlatformDependent0:javaVersion0:851 - Java version: 13
13:24:41,721 DEBUG main PlatformDependent0:<clinit>:120 - sun.misc.Unsafe.theUnsafe: available
13:24:41,721 DEBUG main PlatformDependent0:<clinit>:144 - sun.misc.Unsafe.copyMemory: available
13:24:41,722 DEBUG main PlatformDependent0:<clinit>:182 - java.nio.Buffer.address: available
13:24:41,722 DEBUG main PlatformDependent0:<clinit>:252 - direct buffer constructor: unavailable
java.lang.UnsupportedOperationException: Reflective setAccessible(true) disabled
	at io.netty.util.internal.ReflectionUtil.trySetAccessible(ReflectionUtil.java:31)
	at io.netty.util.internal.PlatformDependent0$4.run(PlatformDependent0.java:224)
	at java.base/java.security.AccessController.doPrivileged(AccessController.java:312)
	at io.netty.util.internal.PlatformDependent0.<clinit>(PlatformDependent0.java:218)
	at io.netty.util.internal.PlatformDependent.isAndroid(PlatformDependent.java:272)
	at io.netty.util.internal.PlatformDependent.<clinit>(PlatformDependent.java:92)
	at io.netty.channel.nio.NioEventLoop.newTaskQueue0(NioEventLoop.java:285)
	at io.netty.channel.nio.NioEventLoop.newTaskQueue(NioEventLoop.java:156)
	at io.netty.channel.nio.NioEventLoop.<init>(NioEventLoop.java:138)
	at io.netty.channel.nio.NioEventLoopGroup.newChild(NioEventLoopGroup.java:138)
	at io.netty.channel.nio.NioEventLoopGroup.newChild(NioEventLoopGroup.java:37)
	at io.netty.util.concurrent.MultithreadEventExecutorGroup.<init>(MultithreadEventExecutorGroup.java:84)
	at io.netty.util.concurrent.MultithreadEventExecutorGroup.<init>(MultithreadEventExecutorGroup.java:58)
	at io.netty.util.concurrent.MultithreadEventExecutorGroup.<init>(MultithreadEventExecutorGroup.java:47)
	at io.netty.channel.MultithreadEventLoopGroup.<init>(MultithreadEventLoopGroup.java:59)
	at io.netty.channel.nio.NioEventLoopGroup.<init>(NioEventLoopGroup.java:78)
	at io.netty.channel.nio.NioEventLoopGroup.<init>(NioEventLoopGroup.java:73)
	at io.netty.channel.nio.NioEventLoopGroup.<init>(NioEventLoopGroup.java:60)
	at io.vertx.core.net.impl.transport.Transport.eventLoopGroup(Transport.java:153)
	at io.vertx.core.impl.VertxImpl.<init>(VertxImpl.java:143)
	at io.vertx.core.impl.VertxImpl.vertx(VertxImpl.java:92)
	at io.vertx.core.impl.VertxFactoryImpl.vertx(VertxFactoryImpl.java:40)
	at io.vertx.core.impl.VertxFactoryImpl.vertx(VertxFactoryImpl.java:32)
	at io.vertx.core.Vertx.vertx(Vertx.java:85)
	at io.vertx.core.Starter.startVertx(Starter.java:248)
	at io.vertx.core.Starter.runVerticle(Starter.java:271)
	at io.vertx.core.Starter.run(Starter.java:138)
	at io.vertx.core.Starter.main(Starter.java:96)
13:24:41,726 DEBUG main PlatformDependent0:<clinit>:313 - java.nio.Bits.unaligned: available, true
13:24:41,728 DEBUG main PlatformDependent0:<clinit>:372 - jdk.internal.misc.Unsafe.allocateUninitializedArray(int): unavailable
java.lang.IllegalAccessException: class io.netty.util.internal.PlatformDependent0$6 cannot access class jdk.internal.misc.Unsafe (in module java.base) because module java.base does not export jdk.internal.misc to unnamed module @587c290d
	at java.base/jdk.internal.reflect.Reflection.newIllegalAccessException(Reflection.java:376)
	at java.base/java.lang.reflect.AccessibleObject.checkAccess(AccessibleObject.java:642)
	at java.base/java.lang.reflect.Method.invoke(Method.java:559)
	at io.netty.util.internal.PlatformDependent0$6.run(PlatformDependent0.java:334)
	at java.base/java.security.AccessController.doPrivileged(AccessController.java:312)
	at io.netty.util.internal.PlatformDependent0.<clinit>(PlatformDependent0.java:325)
	at io.netty.util.internal.PlatformDependent.isAndroid(PlatformDependent.java:272)
	at io.netty.util.internal.PlatformDependent.<clinit>(PlatformDependent.java:92)
	at io.netty.channel.nio.NioEventLoop.newTaskQueue0(NioEventLoop.java:285)
	at io.netty.channel.nio.NioEventLoop.newTaskQueue(NioEventLoop.java:156)
	at io.netty.channel.nio.NioEventLoop.<init>(NioEventLoop.java:138)
	at io.netty.channel.nio.NioEventLoopGroup.newChild(NioEventLoopGroup.java:138)
	at io.netty.channel.nio.NioEventLoopGroup.newChild(NioEventLoopGroup.java:37)
	at io.netty.util.concurrent.MultithreadEventExecutorGroup.<init>(MultithreadEventExecutorGroup.java:84)
	at io.netty.util.concurrent.MultithreadEventExecutorGroup.<init>(MultithreadEventExecutorGroup.java:58)
	at io.netty.util.concurrent.MultithreadEventExecutorGroup.<init>(MultithreadEventExecutorGroup.java:47)
	at io.netty.channel.MultithreadEventLoopGroup.<init>(MultithreadEventLoopGroup.java:59)
	at io.netty.channel.nio.NioEventLoopGroup.<init>(NioEventLoopGroup.java:78)
	at io.netty.channel.nio.NioEventLoopGroup.<init>(NioEventLoopGroup.java:73)
	at io.netty.channel.nio.NioEventLoopGroup.<init>(NioEventLoopGroup.java:60)
	at io.vertx.core.net.impl.transport.Transport.eventLoopGroup(Transport.java:153)
	at io.vertx.core.impl.VertxImpl.<init>(VertxImpl.java:143)
	at io.vertx.core.impl.VertxImpl.vertx(VertxImpl.java:92)
	at io.vertx.core.impl.VertxFactoryImpl.vertx(VertxFactoryImpl.java:40)
	at io.vertx.core.impl.VertxFactoryImpl.vertx(VertxFactoryImpl.java:32)
	at io.vertx.core.Vertx.vertx(Vertx.java:85)
	at io.vertx.core.Starter.startVertx(Starter.java:248)
	at io.vertx.core.Starter.runVerticle(Starter.java:271)
	at io.vertx.core.Starter.run(Starter.java:138)
	at io.vertx.core.Starter.main(Starter.java:96)
13:24:41,729 DEBUG main PlatformDependent0:<clinit>:385 - java.nio.DirectByteBuffer.<init>(long, int): unavailable
13:24:41,729 DEBUG main PlatformDependent:unsafeUnavailabilityCause0:1028 - sun.misc.Unsafe: available
13:24:41,743 DEBUG main PlatformDependent:maxDirectMemory0:1128 - maxDirectMemory: 536870912 bytes (maybe)
13:24:41,744 DEBUG main PlatformDependent:tmpdir0:1147 - -Dio.netty.tmpdir: C:\Users\alall\AppData\Local\Temp (java.io.tmpdir)
13:24:41,744 DEBUG main PlatformDependent:bitMode0:1226 - -Dio.netty.bitMode: 64 (sun.arch.data.model)
13:24:41,745 DEBUG main PlatformDependent:<clinit>:173 - -Dio.netty.maxDirectMemory: -1 bytes
13:24:41,745 DEBUG main PlatformDependent:<clinit>:180 - -Dio.netty.uninitializedArrayAllocationThreshold: -1
13:24:41,746 DEBUG main CleanerJava9:<clinit>:71 - java.nio.ByteBuffer.cleaner(): available
13:24:41,746 DEBUG main PlatformDependent:<clinit>:200 - -Dio.netty.noPreferDirect: false
13:24:41,753 DEBUG main PlatformDependent:<clinit>:890 - org.jctools-core.MpscChunkedArrayQueue: available
13:24:42,181 DEBUG main DefaultDnsServerAddressStreamProvider:<clinit>:82 - Default DNS servers: [/80.58.61.254:53, /80.58.61.250:53] (sun.net.dns.ResolverConfiguration)
13:24:42,186 DEBUG main NetUtil:<clinit>:139 - -Djava.net.preferIPv4Stack: false
13:24:42,186 DEBUG main NetUtil:<clinit>:140 - -Djava.net.preferIPv6Addresses: false
13:24:42,362 DEBUG main NetUtil:<clinit>:224 - Loopback interface: lo (Software Loopback Interface 1, 127.0.0.1)
13:24:42,362 DEBUG main NetUtil:run:289 - Failed to get SOMAXCONN from sysctl and file \proc\sys\net\core\somaxconn. Default: 200
13:24:42,415 DEBUG vert.x-eventloop-thread-0 PooledByteBufAllocator:<clinit>:142 - -Dio.netty.allocator.numHeapArenas: 5
13:24:42,416 DEBUG vert.x-eventloop-thread-0 PooledByteBufAllocator:<clinit>:143 - -Dio.netty.allocator.numDirectArenas: 5
13:24:42,416 DEBUG vert.x-eventloop-thread-0 PooledByteBufAllocator:<clinit>:145 - -Dio.netty.allocator.pageSize: 8192
13:24:42,416 DEBUG vert.x-eventloop-thread-0 PooledByteBufAllocator:<clinit>:150 - -Dio.netty.allocator.maxOrder: 11
13:24:42,416 DEBUG vert.x-eventloop-thread-0 PooledByteBufAllocator:<clinit>:154 - -Dio.netty.allocator.chunkSize: 16777216
13:24:42,416 DEBUG vert.x-eventloop-thread-0 PooledByteBufAllocator:<clinit>:155 - -Dio.netty.allocator.tinyCacheSize: 512
13:24:42,416 DEBUG vert.x-eventloop-thread-0 PooledByteBufAllocator:<clinit>:156 - -Dio.netty.allocator.smallCacheSize: 256
13:24:42,418 DEBUG vert.x-eventloop-thread-0 PooledByteBufAllocator:<clinit>:157 - -Dio.netty.allocator.normalCacheSize: 64
13:24:42,418 DEBUG vert.x-eventloop-thread-0 PooledByteBufAllocator:<clinit>:158 - -Dio.netty.allocator.maxCachedBufferCapacity: 32768
13:24:42,418 DEBUG vert.x-eventloop-thread-0 PooledByteBufAllocator:<clinit>:159 - -Dio.netty.allocator.cacheTrimInterval: 8192
13:24:42,418 DEBUG vert.x-eventloop-thread-0 PooledByteBufAllocator:<clinit>:160 - -Dio.netty.allocator.cacheTrimIntervalMillis: 0
13:24:42,418 DEBUG vert.x-eventloop-thread-0 PooledByteBufAllocator:<clinit>:161 - -Dio.netty.allocator.useCacheForAllThreads: true
13:24:42,418 DEBUG vert.x-eventloop-thread-0 PooledByteBufAllocator:<clinit>:162 - -Dio.netty.allocator.maxCachedByteBuffersPerChunk: 1023
13:24:42,651 DEBUG vert.x-eventloop-thread-0 DefaultChannelId:<clinit>:79 - -Dio.netty.processId: 7876 (auto-detected)
13:24:42,851 DEBUG vert.x-eventloop-thread-0 DefaultChannelId:<clinit>:101 - -Dio.netty.machineId: 00:00:00:00:00:00:00:e0 (auto-detected)
13:24:42,865 DEBUG vert.x-eventloop-thread-0 ByteBufUtil:<clinit>:85 - -Dio.netty.allocator.type: pooled
13:24:42,865 DEBUG vert.x-eventloop-thread-0 ByteBufUtil:<clinit>:94 - -Dio.netty.threadLocalDirectBufferSize: 0
13:24:42,865 DEBUG vert.x-eventloop-thread-0 ByteBufUtil:<clinit>:97 - -Dio.netty.maxThreadLocalCharBufferSize: 16384
13:24:45,371 DEBUG vert.x-eventloop-thread-1 Recycler:<clinit>:96 - -Dio.netty.recycler.maxCapacityPerThread: 4096
13:24:45,371 DEBUG vert.x-eventloop-thread-1 Recycler:<clinit>:97 - -Dio.netty.recycler.maxSharedCapacityFactor: 2
13:24:45,371 DEBUG vert.x-eventloop-thread-1 Recycler:<clinit>:98 - -Dio.netty.recycler.linkCapacity: 16
13:24:45,371 DEBUG vert.x-eventloop-thread-1 Recycler:<clinit>:99 - -Dio.netty.recycler.ratio: 8
13:24:45,376 DEBUG vert.x-eventloop-thread-1 AbstractByteBuf:<clinit>:62 - -Dio.netty.buffer.checkAccessible: true
13:24:45,376 DEBUG vert.x-eventloop-thread-1 AbstractByteBuf:<clinit>:63 - -Dio.netty.buffer.checkBounds: true
13:24:45,376 DEBUG vert.x-eventloop-thread-1 ResourceLeakDetectorFactory:newResourceLeakDetector:195 - Loaded default ResourceLeakDetector: io.netty.util.ResourceLeakDetector@272af30d
13:24:45,428 DEBUG vert.x-eventloop-thread-1 ZlibCodecFactory:<clinit>:39 - -Dio.netty.noJdkZlibDecoder: false
13:24:45,428 DEBUG vert.x-eventloop-thread-1 ZlibCodecFactory:<clinit>:42 - -Dio.netty.noJdkZlibEncoder: false
13:27:47,791 DEBUG main InternalLoggerFactory:newDefaultFactory:47 - Using Log4J as the default logging framework
13:27:47,795 DEBUG main ResourceLeakDetector:<clinit>:129 - -Dio.netty.leakDetection.level: simple
13:27:47,796 DEBUG main ResourceLeakDetector:<clinit>:130 - -Dio.netty.leakDetection.targetRecords: 4
13:27:47,807 DEBUG main InternalThreadLocalMap:<clinit>:54 - -Dio.netty.threadLocalMap.stringBuilder.initialSize: 1024
13:27:47,807 DEBUG main InternalThreadLocalMap:<clinit>:57 - -Dio.netty.threadLocalMap.stringBuilder.maxSize: 4096
13:27:47,813 DEBUG main MultithreadEventLoopGroup:<clinit>:44 - -Dio.netty.eventLoopThreads: 16
13:27:47,833 DEBUG main NioEventLoop:<clinit>:106 - -Dio.netty.noKeySetOptimization: false
13:27:47,833 DEBUG main NioEventLoop:<clinit>:107 - -Dio.netty.selectorAutoRebuildThreshold: 512
13:27:47,851 DEBUG main PlatformDependent:isWindows0:985 - Platform: Windows
13:27:47,852 DEBUG main PlatformDependent0:explicitNoUnsafeCause0:395 - -Dio.netty.noUnsafe: false
13:27:47,853 DEBUG main PlatformDependent0:javaVersion0:851 - Java version: 13
13:27:47,854 DEBUG main PlatformDependent0:<clinit>:120 - sun.misc.Unsafe.theUnsafe: available
13:27:47,855 DEBUG main PlatformDependent0:<clinit>:144 - sun.misc.Unsafe.copyMemory: available
13:27:47,855 DEBUG main PlatformDependent0:<clinit>:182 - java.nio.Buffer.address: available
13:27:47,856 DEBUG main PlatformDependent0:<clinit>:252 - direct buffer constructor: unavailable
java.lang.UnsupportedOperationException: Reflective setAccessible(true) disabled
	at io.netty.util.internal.ReflectionUtil.trySetAccessible(ReflectionUtil.java:31)
	at io.netty.util.internal.PlatformDependent0$4.run(PlatformDependent0.java:224)
	at java.base/java.security.AccessController.doPrivileged(AccessController.java:312)
	at io.netty.util.internal.PlatformDependent0.<clinit>(PlatformDependent0.java:218)
	at io.netty.util.internal.PlatformDependent.isAndroid(PlatformDependent.java:272)
	at io.netty.util.internal.PlatformDependent.<clinit>(PlatformDependent.java:92)
	at io.netty.channel.nio.NioEventLoop.newTaskQueue0(NioEventLoop.java:285)
	at io.netty.channel.nio.NioEventLoop.newTaskQueue(NioEventLoop.java:156)
	at io.netty.channel.nio.NioEventLoop.<init>(NioEventLoop.java:138)
	at io.netty.channel.nio.NioEventLoopGroup.newChild(NioEventLoopGroup.java:138)
	at io.netty.channel.nio.NioEventLoopGroup.newChild(NioEventLoopGroup.java:37)
	at io.netty.util.concurrent.MultithreadEventExecutorGroup.<init>(MultithreadEventExecutorGroup.java:84)
	at io.netty.util.concurrent.MultithreadEventExecutorGroup.<init>(MultithreadEventExecutorGroup.java:58)
	at io.netty.util.concurrent.MultithreadEventExecutorGroup.<init>(MultithreadEventExecutorGroup.java:47)
	at io.netty.channel.MultithreadEventLoopGroup.<init>(MultithreadEventLoopGroup.java:59)
	at io.netty.channel.nio.NioEventLoopGroup.<init>(NioEventLoopGroup.java:78)
	at io.netty.channel.nio.NioEventLoopGroup.<init>(NioEventLoopGroup.java:73)
	at io.netty.channel.nio.NioEventLoopGroup.<init>(NioEventLoopGroup.java:60)
	at io.vertx.core.net.impl.transport.Transport.eventLoopGroup(Transport.java:153)
	at io.vertx.core.impl.VertxImpl.<init>(VertxImpl.java:143)
	at io.vertx.core.impl.VertxImpl.vertx(VertxImpl.java:92)
	at io.vertx.core.impl.VertxFactoryImpl.vertx(VertxFactoryImpl.java:40)
	at io.vertx.core.impl.VertxFactoryImpl.vertx(VertxFactoryImpl.java:32)
	at io.vertx.core.Vertx.vertx(Vertx.java:85)
	at io.vertx.core.Starter.startVertx(Starter.java:248)
	at io.vertx.core.Starter.runVerticle(Starter.java:271)
	at io.vertx.core.Starter.run(Starter.java:138)
	at io.vertx.core.Starter.main(Starter.java:96)
13:27:47,859 DEBUG main PlatformDependent0:<clinit>:313 - java.nio.Bits.unaligned: available, true
13:27:47,861 DEBUG main PlatformDependent0:<clinit>:372 - jdk.internal.misc.Unsafe.allocateUninitializedArray(int): unavailable
java.lang.IllegalAccessException: class io.netty.util.internal.PlatformDependent0$6 cannot access class jdk.internal.misc.Unsafe (in module java.base) because module java.base does not export jdk.internal.misc to unnamed module @587c290d
	at java.base/jdk.internal.reflect.Reflection.newIllegalAccessException(Reflection.java:376)
	at java.base/java.lang.reflect.AccessibleObject.checkAccess(AccessibleObject.java:642)
	at java.base/java.lang.reflect.Method.invoke(Method.java:559)
	at io.netty.util.internal.PlatformDependent0$6.run(PlatformDependent0.java:334)
	at java.base/java.security.AccessController.doPrivileged(AccessController.java:312)
	at io.netty.util.internal.PlatformDependent0.<clinit>(PlatformDependent0.java:325)
	at io.netty.util.internal.PlatformDependent.isAndroid(PlatformDependent.java:272)
	at io.netty.util.internal.PlatformDependent.<clinit>(PlatformDependent.java:92)
	at io.netty.channel.nio.NioEventLoop.newTaskQueue0(NioEventLoop.java:285)
	at io.netty.channel.nio.NioEventLoop.newTaskQueue(NioEventLoop.java:156)
	at io.netty.channel.nio.NioEventLoop.<init>(NioEventLoop.java:138)
	at io.netty.channel.nio.NioEventLoopGroup.newChild(NioEventLoopGroup.java:138)
	at io.netty.channel.nio.NioEventLoopGroup.newChild(NioEventLoopGroup.java:37)
	at io.netty.util.concurrent.MultithreadEventExecutorGroup.<init>(MultithreadEventExecutorGroup.java:84)
	at io.netty.util.concurrent.MultithreadEventExecutorGroup.<init>(MultithreadEventExecutorGroup.java:58)
	at io.netty.util.concurrent.MultithreadEventExecutorGroup.<init>(MultithreadEventExecutorGroup.java:47)
	at io.netty.channel.MultithreadEventLoopGroup.<init>(MultithreadEventLoopGroup.java:59)
	at io.netty.channel.nio.NioEventLoopGroup.<init>(NioEventLoopGroup.java:78)
	at io.netty.channel.nio.NioEventLoopGroup.<init>(NioEventLoopGroup.java:73)
	at io.netty.channel.nio.NioEventLoopGroup.<init>(NioEventLoopGroup.java:60)
	at io.vertx.core.net.impl.transport.Transport.eventLoopGroup(Transport.java:153)
	at io.vertx.core.impl.VertxImpl.<init>(VertxImpl.java:143)
	at io.vertx.core.impl.VertxImpl.vertx(VertxImpl.java:92)
	at io.vertx.core.impl.VertxFactoryImpl.vertx(VertxFactoryImpl.java:40)
	at io.vertx.core.impl.VertxFactoryImpl.vertx(VertxFactoryImpl.java:32)
	at io.vertx.core.Vertx.vertx(Vertx.java:85)
	at io.vertx.core.Starter.startVertx(Starter.java:248)
	at io.vertx.core.Starter.runVerticle(Starter.java:271)
	at io.vertx.core.Starter.run(Starter.java:138)
	at io.vertx.core.Starter.main(Starter.java:96)
13:27:47,862 DEBUG main PlatformDependent0:<clinit>:385 - java.nio.DirectByteBuffer.<init>(long, int): unavailable
13:27:47,862 DEBUG main PlatformDependent:unsafeUnavailabilityCause0:1028 - sun.misc.Unsafe: available
13:27:47,874 DEBUG main PlatformDependent:maxDirectMemory0:1128 - maxDirectMemory: 536870912 bytes (maybe)
13:27:47,874 DEBUG main PlatformDependent:tmpdir0:1147 - -Dio.netty.tmpdir: C:\Users\alall\AppData\Local\Temp (java.io.tmpdir)
13:27:47,875 DEBUG main PlatformDependent:bitMode0:1226 - -Dio.netty.bitMode: 64 (sun.arch.data.model)
13:27:47,875 DEBUG main PlatformDependent:<clinit>:173 - -Dio.netty.maxDirectMemory: -1 bytes
13:27:47,876 DEBUG main PlatformDependent:<clinit>:180 - -Dio.netty.uninitializedArrayAllocationThreshold: -1
13:27:47,876 DEBUG main CleanerJava9:<clinit>:71 - java.nio.ByteBuffer.cleaner(): available
13:27:47,876 DEBUG main PlatformDependent:<clinit>:200 - -Dio.netty.noPreferDirect: false
13:27:47,882 DEBUG main PlatformDependent:<clinit>:890 - org.jctools-core.MpscChunkedArrayQueue: available
13:27:48,313 DEBUG main DefaultDnsServerAddressStreamProvider:<clinit>:82 - Default DNS servers: [/80.58.61.254:53, /80.58.61.250:53] (sun.net.dns.ResolverConfiguration)
13:27:48,317 DEBUG main NetUtil:<clinit>:139 - -Djava.net.preferIPv4Stack: false
13:27:48,318 DEBUG main NetUtil:<clinit>:140 - -Djava.net.preferIPv6Addresses: false
13:27:48,495 DEBUG main NetUtil:<clinit>:224 - Loopback interface: lo (Software Loopback Interface 1, 127.0.0.1)
13:27:48,496 DEBUG main NetUtil:run:289 - Failed to get SOMAXCONN from sysctl and file \proc\sys\net\core\somaxconn. Default: 200
13:27:48,549 DEBUG vert.x-eventloop-thread-0 PooledByteBufAllocator:<clinit>:142 - -Dio.netty.allocator.numHeapArenas: 5
13:27:48,550 DEBUG vert.x-eventloop-thread-0 PooledByteBufAllocator:<clinit>:143 - -Dio.netty.allocator.numDirectArenas: 5
13:27:48,550 DEBUG vert.x-eventloop-thread-0 PooledByteBufAllocator:<clinit>:145 - -Dio.netty.allocator.pageSize: 8192
13:27:48,550 DEBUG vert.x-eventloop-thread-0 PooledByteBufAllocator:<clinit>:150 - -Dio.netty.allocator.maxOrder: 11
13:27:48,550 DEBUG vert.x-eventloop-thread-0 PooledByteBufAllocator:<clinit>:154 - -Dio.netty.allocator.chunkSize: 16777216
13:27:48,550 DEBUG vert.x-eventloop-thread-0 PooledByteBufAllocator:<clinit>:155 - -Dio.netty.allocator.tinyCacheSize: 512
13:27:48,550 DEBUG vert.x-eventloop-thread-0 PooledByteBufAllocator:<clinit>:156 - -Dio.netty.allocator.smallCacheSize: 256
13:27:48,551 DEBUG vert.x-eventloop-thread-0 PooledByteBufAllocator:<clinit>:157 - -Dio.netty.allocator.normalCacheSize: 64
13:27:48,551 DEBUG vert.x-eventloop-thread-0 PooledByteBufAllocator:<clinit>:158 - -Dio.netty.allocator.maxCachedBufferCapacity: 32768
13:27:48,551 DEBUG vert.x-eventloop-thread-0 PooledByteBufAllocator:<clinit>:159 - -Dio.netty.allocator.cacheTrimInterval: 8192
13:27:48,551 DEBUG vert.x-eventloop-thread-0 PooledByteBufAllocator:<clinit>:160 - -Dio.netty.allocator.cacheTrimIntervalMillis: 0
13:27:48,551 DEBUG vert.x-eventloop-thread-0 PooledByteBufAllocator:<clinit>:161 - -Dio.netty.allocator.useCacheForAllThreads: true
13:27:48,551 DEBUG vert.x-eventloop-thread-0 PooledByteBufAllocator:<clinit>:162 - -Dio.netty.allocator.maxCachedByteBuffersPerChunk: 1023
13:27:48,788 DEBUG vert.x-eventloop-thread-0 DefaultChannelId:<clinit>:79 - -Dio.netty.processId: 2772 (auto-detected)
13:27:48,987 DEBUG vert.x-eventloop-thread-0 DefaultChannelId:<clinit>:101 - -Dio.netty.machineId: 00:00:00:00:00:00:00:e0 (auto-detected)
13:27:49,000 DEBUG vert.x-eventloop-thread-0 ByteBufUtil:<clinit>:85 - -Dio.netty.allocator.type: pooled
13:27:49,000 DEBUG vert.x-eventloop-thread-0 ByteBufUtil:<clinit>:94 - -Dio.netty.threadLocalDirectBufferSize: 0
13:27:49,000 DEBUG vert.x-eventloop-thread-0 ByteBufUtil:<clinit>:97 - -Dio.netty.maxThreadLocalCharBufferSize: 16384
13:27:52,417 DEBUG vert.x-eventloop-thread-1 Recycler:<clinit>:96 - -Dio.netty.recycler.maxCapacityPerThread: 4096
13:27:52,417 DEBUG vert.x-eventloop-thread-1 Recycler:<clinit>:97 - -Dio.netty.recycler.maxSharedCapacityFactor: 2
13:27:52,418 DEBUG vert.x-eventloop-thread-1 Recycler:<clinit>:98 - -Dio.netty.recycler.linkCapacity: 16
13:27:52,418 DEBUG vert.x-eventloop-thread-1 Recycler:<clinit>:99 - -Dio.netty.recycler.ratio: 8
13:27:52,423 DEBUG vert.x-eventloop-thread-1 AbstractByteBuf:<clinit>:62 - -Dio.netty.buffer.checkAccessible: true
13:27:52,423 DEBUG vert.x-eventloop-thread-1 AbstractByteBuf:<clinit>:63 - -Dio.netty.buffer.checkBounds: true
13:27:52,424 DEBUG vert.x-eventloop-thread-1 ResourceLeakDetectorFactory:newResourceLeakDetector:195 - Loaded default ResourceLeakDetector: io.netty.util.ResourceLeakDetector@3bbb6913
13:27:52,482 DEBUG vert.x-eventloop-thread-1 ZlibCodecFactory:<clinit>:39 - -Dio.netty.noJdkZlibDecoder: false
13:27:52,482 DEBUG vert.x-eventloop-thread-1 ZlibCodecFactory:<clinit>:42 - -Dio.netty.noJdkZlibEncoder: false
13:28:53,971 DEBUG main InternalLoggerFactory:newDefaultFactory:47 - Using Log4J as the default logging framework
13:28:53,974 DEBUG main ResourceLeakDetector:<clinit>:129 - -Dio.netty.leakDetection.level: simple
13:28:53,976 DEBUG main ResourceLeakDetector:<clinit>:130 - -Dio.netty.leakDetection.targetRecords: 4
13:28:53,986 DEBUG main InternalThreadLocalMap:<clinit>:54 - -Dio.netty.threadLocalMap.stringBuilder.initialSize: 1024
13:28:53,986 DEBUG main InternalThreadLocalMap:<clinit>:57 - -Dio.netty.threadLocalMap.stringBuilder.maxSize: 4096
13:28:53,992 DEBUG main MultithreadEventLoopGroup:<clinit>:44 - -Dio.netty.eventLoopThreads: 16
13:28:54,008 DEBUG main NioEventLoop:<clinit>:106 - -Dio.netty.noKeySetOptimization: false
13:28:54,009 DEBUG main NioEventLoop:<clinit>:107 - -Dio.netty.selectorAutoRebuildThreshold: 512
13:28:54,026 DEBUG main PlatformDependent:isWindows0:985 - Platform: Windows
13:28:54,028 DEBUG main PlatformDependent0:explicitNoUnsafeCause0:395 - -Dio.netty.noUnsafe: false
13:28:54,029 DEBUG main PlatformDependent0:javaVersion0:851 - Java version: 13
13:28:54,030 DEBUG main PlatformDependent0:<clinit>:120 - sun.misc.Unsafe.theUnsafe: available
13:28:54,031 DEBUG main PlatformDependent0:<clinit>:144 - sun.misc.Unsafe.copyMemory: available
13:28:54,031 DEBUG main PlatformDependent0:<clinit>:182 - java.nio.Buffer.address: available
13:28:54,032 DEBUG main PlatformDependent0:<clinit>:252 - direct buffer constructor: unavailable
java.lang.UnsupportedOperationException: Reflective setAccessible(true) disabled
	at io.netty.util.internal.ReflectionUtil.trySetAccessible(ReflectionUtil.java:31)
	at io.netty.util.internal.PlatformDependent0$4.run(PlatformDependent0.java:224)
	at java.base/java.security.AccessController.doPrivileged(AccessController.java:312)
	at io.netty.util.internal.PlatformDependent0.<clinit>(PlatformDependent0.java:218)
	at io.netty.util.internal.PlatformDependent.isAndroid(PlatformDependent.java:272)
	at io.netty.util.internal.PlatformDependent.<clinit>(PlatformDependent.java:92)
	at io.netty.channel.nio.NioEventLoop.newTaskQueue0(NioEventLoop.java:285)
	at io.netty.channel.nio.NioEventLoop.newTaskQueue(NioEventLoop.java:156)
	at io.netty.channel.nio.NioEventLoop.<init>(NioEventLoop.java:138)
	at io.netty.channel.nio.NioEventLoopGroup.newChild(NioEventLoopGroup.java:138)
	at io.netty.channel.nio.NioEventLoopGroup.newChild(NioEventLoopGroup.java:37)
	at io.netty.util.concurrent.MultithreadEventExecutorGroup.<init>(MultithreadEventExecutorGroup.java:84)
	at io.netty.util.concurrent.MultithreadEventExecutorGroup.<init>(MultithreadEventExecutorGroup.java:58)
	at io.netty.util.concurrent.MultithreadEventExecutorGroup.<init>(MultithreadEventExecutorGroup.java:47)
	at io.netty.channel.MultithreadEventLoopGroup.<init>(MultithreadEventLoopGroup.java:59)
	at io.netty.channel.nio.NioEventLoopGroup.<init>(NioEventLoopGroup.java:78)
	at io.netty.channel.nio.NioEventLoopGroup.<init>(NioEventLoopGroup.java:73)
	at io.netty.channel.nio.NioEventLoopGroup.<init>(NioEventLoopGroup.java:60)
	at io.vertx.core.net.impl.transport.Transport.eventLoopGroup(Transport.java:153)
	at io.vertx.core.impl.VertxImpl.<init>(VertxImpl.java:143)
	at io.vertx.core.impl.VertxImpl.vertx(VertxImpl.java:92)
	at io.vertx.core.impl.VertxFactoryImpl.vertx(VertxFactoryImpl.java:40)
	at io.vertx.core.impl.VertxFactoryImpl.vertx(VertxFactoryImpl.java:32)
	at io.vertx.core.Vertx.vertx(Vertx.java:85)
	at io.vertx.core.Starter.startVertx(Starter.java:248)
	at io.vertx.core.Starter.runVerticle(Starter.java:271)
	at io.vertx.core.Starter.run(Starter.java:138)
	at io.vertx.core.Starter.main(Starter.java:96)
13:28:54,034 DEBUG main PlatformDependent0:<clinit>:313 - java.nio.Bits.unaligned: available, true
13:28:54,036 DEBUG main PlatformDependent0:<clinit>:372 - jdk.internal.misc.Unsafe.allocateUninitializedArray(int): unavailable
java.lang.IllegalAccessException: class io.netty.util.internal.PlatformDependent0$6 cannot access class jdk.internal.misc.Unsafe (in module java.base) because module java.base does not export jdk.internal.misc to unnamed module @587c290d
	at java.base/jdk.internal.reflect.Reflection.newIllegalAccessException(Reflection.java:376)
	at java.base/java.lang.reflect.AccessibleObject.checkAccess(AccessibleObject.java:642)
	at java.base/java.lang.reflect.Method.invoke(Method.java:559)
	at io.netty.util.internal.PlatformDependent0$6.run(PlatformDependent0.java:334)
	at java.base/java.security.AccessController.doPrivileged(AccessController.java:312)
	at io.netty.util.internal.PlatformDependent0.<clinit>(PlatformDependent0.java:325)
	at io.netty.util.internal.PlatformDependent.isAndroid(PlatformDependent.java:272)
	at io.netty.util.internal.PlatformDependent.<clinit>(PlatformDependent.java:92)
	at io.netty.channel.nio.NioEventLoop.newTaskQueue0(NioEventLoop.java:285)
	at io.netty.channel.nio.NioEventLoop.newTaskQueue(NioEventLoop.java:156)
	at io.netty.channel.nio.NioEventLoop.<init>(NioEventLoop.java:138)
	at io.netty.channel.nio.NioEventLoopGroup.newChild(NioEventLoopGroup.java:138)
	at io.netty.channel.nio.NioEventLoopGroup.newChild(NioEventLoopGroup.java:37)
	at io.netty.util.concurrent.MultithreadEventExecutorGroup.<init>(MultithreadEventExecutorGroup.java:84)
	at io.netty.util.concurrent.MultithreadEventExecutorGroup.<init>(MultithreadEventExecutorGroup.java:58)
	at io.netty.util.concurrent.MultithreadEventExecutorGroup.<init>(MultithreadEventExecutorGroup.java:47)
	at io.netty.channel.MultithreadEventLoopGroup.<init>(MultithreadEventLoopGroup.java:59)
	at io.netty.channel.nio.NioEventLoopGroup.<init>(NioEventLoopGroup.java:78)
	at io.netty.channel.nio.NioEventLoopGroup.<init>(NioEventLoopGroup.java:73)
	at io.netty.channel.nio.NioEventLoopGroup.<init>(NioEventLoopGroup.java:60)
	at io.vertx.core.net.impl.transport.Transport.eventLoopGroup(Transport.java:153)
	at io.vertx.core.impl.VertxImpl.<init>(VertxImpl.java:143)
	at io.vertx.core.impl.VertxImpl.vertx(VertxImpl.java:92)
	at io.vertx.core.impl.VertxFactoryImpl.vertx(VertxFactoryImpl.java:40)
	at io.vertx.core.impl.VertxFactoryImpl.vertx(VertxFactoryImpl.java:32)
	at io.vertx.core.Vertx.vertx(Vertx.java:85)
	at io.vertx.core.Starter.startVertx(Starter.java:248)
	at io.vertx.core.Starter.runVerticle(Starter.java:271)
	at io.vertx.core.Starter.run(Starter.java:138)
	at io.vertx.core.Starter.main(Starter.java:96)
13:28:54,036 DEBUG main PlatformDependent0:<clinit>:385 - java.nio.DirectByteBuffer.<init>(long, int): unavailable
13:28:54,037 DEBUG main PlatformDependent:unsafeUnavailabilityCause0:1028 - sun.misc.Unsafe: available
13:28:54,048 DEBUG main PlatformDependent:maxDirectMemory0:1128 - maxDirectMemory: 536870912 bytes (maybe)
13:28:54,048 DEBUG main PlatformDependent:tmpdir0:1147 - -Dio.netty.tmpdir: C:\Users\alall\AppData\Local\Temp (java.io.tmpdir)
13:28:54,048 DEBUG main PlatformDependent:bitMode0:1226 - -Dio.netty.bitMode: 64 (sun.arch.data.model)
13:28:54,049 DEBUG main PlatformDependent:<clinit>:173 - -Dio.netty.maxDirectMemory: -1 bytes
13:28:54,049 DEBUG main PlatformDependent:<clinit>:180 - -Dio.netty.uninitializedArrayAllocationThreshold: -1
13:28:54,050 DEBUG main CleanerJava9:<clinit>:71 - java.nio.ByteBuffer.cleaner(): available
13:28:54,050 DEBUG main PlatformDependent:<clinit>:200 - -Dio.netty.noPreferDirect: false
13:28:54,055 DEBUG main PlatformDependent:<clinit>:890 - org.jctools-core.MpscChunkedArrayQueue: available
13:28:54,489 DEBUG main DefaultDnsServerAddressStreamProvider:<clinit>:82 - Default DNS servers: [/80.58.61.254:53, /80.58.61.250:53] (sun.net.dns.ResolverConfiguration)
13:28:54,495 DEBUG main NetUtil:<clinit>:139 - -Djava.net.preferIPv4Stack: false
13:28:54,495 DEBUG main NetUtil:<clinit>:140 - -Djava.net.preferIPv6Addresses: false
13:28:54,676 DEBUG main NetUtil:<clinit>:224 - Loopback interface: lo (Software Loopback Interface 1, 127.0.0.1)
13:28:54,676 DEBUG main NetUtil:run:289 - Failed to get SOMAXCONN from sysctl and file \proc\sys\net\core\somaxconn. Default: 200
13:28:54,733 DEBUG vert.x-eventloop-thread-0 PooledByteBufAllocator:<clinit>:142 - -Dio.netty.allocator.numHeapArenas: 5
13:28:54,734 DEBUG vert.x-eventloop-thread-0 PooledByteBufAllocator:<clinit>:143 - -Dio.netty.allocator.numDirectArenas: 5
13:28:54,734 DEBUG vert.x-eventloop-thread-0 PooledByteBufAllocator:<clinit>:145 - -Dio.netty.allocator.pageSize: 8192
13:28:54,734 DEBUG vert.x-eventloop-thread-0 PooledByteBufAllocator:<clinit>:150 - -Dio.netty.allocator.maxOrder: 11
13:28:54,734 DEBUG vert.x-eventloop-thread-0 PooledByteBufAllocator:<clinit>:154 - -Dio.netty.allocator.chunkSize: 16777216
13:28:54,734 DEBUG vert.x-eventloop-thread-0 PooledByteBufAllocator:<clinit>:155 - -Dio.netty.allocator.tinyCacheSize: 512
13:28:54,734 DEBUG vert.x-eventloop-thread-0 PooledByteBufAllocator:<clinit>:156 - -Dio.netty.allocator.smallCacheSize: 256
13:28:54,734 DEBUG vert.x-eventloop-thread-0 PooledByteBufAllocator:<clinit>:157 - -Dio.netty.allocator.normalCacheSize: 64
13:28:54,735 DEBUG vert.x-eventloop-thread-0 PooledByteBufAllocator:<clinit>:158 - -Dio.netty.allocator.maxCachedBufferCapacity: 32768
13:28:54,735 DEBUG vert.x-eventloop-thread-0 PooledByteBufAllocator:<clinit>:159 - -Dio.netty.allocator.cacheTrimInterval: 8192
13:28:54,735 DEBUG vert.x-eventloop-thread-0 PooledByteBufAllocator:<clinit>:160 - -Dio.netty.allocator.cacheTrimIntervalMillis: 0
13:28:54,735 DEBUG vert.x-eventloop-thread-0 PooledByteBufAllocator:<clinit>:161 - -Dio.netty.allocator.useCacheForAllThreads: true
13:28:54,735 DEBUG vert.x-eventloop-thread-0 PooledByteBufAllocator:<clinit>:162 - -Dio.netty.allocator.maxCachedByteBuffersPerChunk: 1023
13:28:54,975 DEBUG vert.x-eventloop-thread-0 DefaultChannelId:<clinit>:79 - -Dio.netty.processId: 19828 (auto-detected)
13:28:55,179 DEBUG vert.x-eventloop-thread-0 DefaultChannelId:<clinit>:101 - -Dio.netty.machineId: 00:00:00:00:00:00:00:e0 (auto-detected)
13:28:55,194 DEBUG vert.x-eventloop-thread-0 ByteBufUtil:<clinit>:85 - -Dio.netty.allocator.type: pooled
13:28:55,194 DEBUG vert.x-eventloop-thread-0 ByteBufUtil:<clinit>:94 - -Dio.netty.threadLocalDirectBufferSize: 0
13:28:55,194 DEBUG vert.x-eventloop-thread-0 ByteBufUtil:<clinit>:97 - -Dio.netty.maxThreadLocalCharBufferSize: 16384
13:28:58,515 DEBUG vert.x-eventloop-thread-1 Recycler:<clinit>:96 - -Dio.netty.recycler.maxCapacityPerThread: 4096
13:28:58,515 DEBUG vert.x-eventloop-thread-1 Recycler:<clinit>:97 - -Dio.netty.recycler.maxSharedCapacityFactor: 2
13:28:58,516 DEBUG vert.x-eventloop-thread-1 Recycler:<clinit>:98 - -Dio.netty.recycler.linkCapacity: 16
13:28:58,516 DEBUG vert.x-eventloop-thread-1 Recycler:<clinit>:99 - -Dio.netty.recycler.ratio: 8
13:28:58,521 DEBUG vert.x-eventloop-thread-1 AbstractByteBuf:<clinit>:62 - -Dio.netty.buffer.checkAccessible: true
13:28:58,521 DEBUG vert.x-eventloop-thread-1 AbstractByteBuf:<clinit>:63 - -Dio.netty.buffer.checkBounds: true
13:28:58,522 DEBUG vert.x-eventloop-thread-1 ResourceLeakDetectorFactory:newResourceLeakDetector:195 - Loaded default ResourceLeakDetector: io.netty.util.ResourceLeakDetector@6ac703c7
13:28:58,575 DEBUG vert.x-eventloop-thread-1 ZlibCodecFactory:<clinit>:39 - -Dio.netty.noJdkZlibDecoder: false
13:28:58,575 DEBUG vert.x-eventloop-thread-1 ZlibCodecFactory:<clinit>:42 - -Dio.netty.noJdkZlibEncoder: false
